[2023-12-15 00:13:58] - [apscheduler.scheduler] - [INFO] - [function: start] - [Scheduler started]
[2023-12-15 00:13:58] - [apscheduler.scheduler] - [INFO] - [function: remove_job] - [Removed job mailing]
[2023-12-15 00:13:58] - [apscheduler.scheduler] - [INFO] - [function: _real_add_job] - [Added job "mailing_starter_scheduler" to job store "default"]
[2023-12-15 00:13:58] - [pyrogram.connection.connection] - [INFO] - [function: connect] - [Connecting...]
[2023-12-15 00:13:59] - [pyrogram.connection.connection] - [INFO] - [function: connect] - [Connected! Production DC2 - IPv4]
[2023-12-15 00:13:59] - [pyrogram.session.session] - [INFO] - [function: recv_worker] - [NetworkTask started]
[2023-12-15 00:13:59] - [pyrogram.session.session] - [INFO] - [function: start] - [Session initialized: Layer 158]
[2023-12-15 00:13:59] - [pyrogram.session.session] - [INFO] - [function: start] - [Device: CPython 3.12.0 - Pyrogram 2.0.106]
[2023-12-15 00:13:59] - [pyrogram.session.session] - [INFO] - [function: start] - [System: Windows 11 (en)]
[2023-12-15 00:13:59] - [pyrogram.session.session] - [INFO] - [function: start] - [Session started]
[2023-12-15 00:13:59] - [pyrogram.session.session] - [INFO] - [function: ping_worker] - [PingTask started]
[2023-12-15 00:14:00] - [pyrogram.dispatcher] - [INFO] - [function: start] - [Started 20 HandlerTasks]
[2023-12-15 00:14:28] - [apscheduler.scheduler] - [INFO] - [function: remove_job] - [Removed job mailing]
[2023-12-15 00:14:28] - [apscheduler.executors.default] - [INFO] - [function: run_coroutine_job] - [Running job "mailing_starter_scheduler (trigger: date[2023-12-15 00:14:28 +05], next run at: 2023-12-15 00:14:28 +05)" (scheduled at 2023-12-15 00:14:28.193027+05:00)]
[2023-12-15 00:14:28] - [root] - [INFO] - [function: mailing_check] - [[MAILING] It is not possible to start sending yet, the flag is set to False.]
[2023-12-15 00:14:28] - [apscheduler.scheduler] - [INFO] - [function: _real_add_job] - [Added job "mailing" to job store "default"]
[2023-12-15 00:14:28] - [root] - [INFO] - [function: mailing_starter_scheduler] - [[MAILING] The next mailing will take effect in "5" minutes.]
[2023-12-15 00:14:28] - [apscheduler.executors.default] - [INFO] - [function: run_coroutine_job] - [Job "mailing_starter_scheduler (trigger: date[2023-12-15 00:14:28 +05], next run at: 2023-12-15 00:14:28 +05)" executed successfully]
[2023-12-15 00:14:41] - [root] - [INFO] - [function: set_state] - [[CUSTOM_FSM] FSM state changed - old_state: "chill" ; new_state: "set_msg_1"]
[2023-12-15 00:14:50] - [root] - [INFO] - [function: set_state] - [[CUSTOM_FSM] FSM state changed - old_state: "set_msg_1" ; new_state: "set_msg_2"]
[2023-12-15 00:14:53] - [root] - [INFO] - [function: clear] - [[CUSTOM_FSM] FSM cleared, new_state: "chill"]
[2023-12-15 00:14:53] - [root] - [INFO] - [function: cmd_setmsg_step_3] - [[CUSTOM] The mailing message has been changed: message_id: 498; from_chat_id: 749837972; date: 15/12/2023, 00:14:53]
[2023-12-15 00:19:28] - [apscheduler.scheduler] - [INFO] - [function: remove_job] - [Removed job mailing]
[2023-12-15 00:19:28] - [apscheduler.executors.default] - [INFO] - [function: run_coroutine_job] - [Running job "mailing (trigger: date[2023-12-15 00:19:28 +05], next run at: 2023-12-15 00:19:28 +05)" (scheduled at 2023-12-15 00:19:28.216450+05:00)]
[2023-12-15 00:19:28] - [root] - [INFO] - [function: mailing_check] - [[MAILING] It is not possible to start sending yet, the flag is set to False.]
[2023-12-15 00:19:28] - [root] - [INFO] - [function: mailing] - [[MAILING] We send the newsletter to the chat with ID - -4070926803 and name - Test_Group2 . . .]
[2023-12-15 00:19:28] - [root] - [INFO] - [function: sleeping] - [[MAILING] Sent to mail chat with id - -4070926803, and name - Test_Group2.]
[2023-12-15 00:20:28] - [root] - [INFO] - [function: mailing_check] - [[MAILING] It is not possible to start sending yet, the flag is set to False.]
[2023-12-15 00:20:28] - [root] - [INFO] - [function: mailing] - [[MAILING] We send the newsletter to the chat with ID - -4016514224 and name - Test_Group . . .]
[2023-12-15 00:20:29] - [root] - [INFO] - [function: sleeping] - [[MAILING] Sent to mail chat with id - -4016514224, and name - Test_Group.]
[2023-12-15 00:21:29] - [root] - [INFO] - [function: mailing_check] - [[MAILING] It is not possible to start sending yet, the flag is set to False.]
[2023-12-15 00:21:29] - [apscheduler.scheduler] - [INFO] - [function: _real_add_job] - [Added job "mailing" to job store "default"]
[2023-12-15 00:21:29] - [root] - [INFO] - [function: mailing_starter_scheduler] - [[MAILING] The next mailing will take effect in "4" minutes.]
[2023-12-15 00:21:29] - [apscheduler.executors.default] - [INFO] - [function: run_coroutine_job] - [Job "mailing (trigger: date[2023-12-15 00:19:28 +05], next run at: 2023-12-15 00:19:28 +05)" executed successfully]
[2023-12-15 00:22:34] - [root] - [INFO] - [function: signal_handler] - [Stop signal received (SIGINT). Exiting...]
[2023-12-15 00:22:34] - [pyrogram.dispatcher] - [INFO] - [function: stop] - [Stopped 20 HandlerTasks]
[2023-12-15 00:22:34] - [pyrogram.session.session] - [INFO] - [function: ping_worker] - [PingTask stopped]
[2023-12-15 00:22:34] - [pyrogram.session.session] - [INFO] - [function: recv_worker] - [NetworkTask stopped]
[2023-12-15 00:22:34] - [pyrogram.connection.connection] - [INFO] - [function: close] - [Disconnected]
[2023-12-15 00:22:34] - [pyrogram.session.session] - [INFO] - [function: stop] - [Session stopped]
